Testing started at 21:32 ...
> Task :compileJava NO-SOURCE
> Task :processResources NO-SOURCE
> Task :classes UP-TO-DATE
> Task :compileTestJava
> Task :processTestResources NO-SOURCE
> Task :testClasses

> Task :test

















1589913139089	mozrunner::runner	INFO	Running command: "C:\\Program Files\\Mozilla Firefox\\firefox.exe" "-marionette" "-foreground" "-no-remote" "-profile" "C:\\Users\\Serj\\AppData\\Local\\Temp\\rust_mozprofilehBMKOn"
1589913139867	addons.webextension.doh-rollout@mozilla.org	WARN	Loading extension 'doh-rollout@mozilla.org': Reading manifest: Invalid extension permission: networkStatus
1589913139995	addons.webextension.screenshots@mozilla.org	WARN	Loading extension 'screenshots@mozilla.org': Reading manifest: Invalid extension permission: mozillaAddons
1589913139996	addons.webextension.screenshots@mozilla.org	WARN	Loading extension 'screenshots@mozilla.org': Reading manifest: Invalid extension permission: telemetry
1589913139996	addons.webextension.screenshots@mozilla.org	WARN	Loading extension 'screenshots@mozilla.org': Reading manifest: Invalid extension permission: resource://pdf.js/
1589913139996	addons.webextension.screenshots@mozilla.org	WARN	Loading extension 'screenshots@mozilla.org': Reading manifest: Invalid extension permission: about:reader*
JavaScript error: resource://gre/modules/XULStore.jsm, line 66: Error: Can't find profile directory.
1589913142947	Marionette	INFO	Listening on port 50433
1589913143001	Marionette	WARN	TLS certificate errors will be ignored for this session
мая 19, 2020 9:32:23 PM org.openqa.selenium.remote.ProtocolHandshake createSession
INFO: Detected dialect: W3C

Sets differ: expected [ContactData{id='110', firstname='Куприн Александр', lastname='Куприн Александр'}, ContactData{id='97', firstname='Cruzer Tom', lastname='Cruzer Tom'}, ContactData{id='111', firstname='Куприн Александр', lastname='Куприн Александр'}, ContactData{id='95', firstname='Ломоносов Михаил', lastname='Ломоносов Михаил'}, ContactData{id='103', firstname='Есенин Сергей', lastname='Есенин Сергей'}, ContactData{id='99', firstname='Гоголь Николай', lastname='Гоголь Николай'}, ContactData{id='98', firstname='Булгаков Михаил', lastname='Булгаков Михаил'}, ContactData{id='101', firstname='Сидоров Сидор', lastname='Сидоров Сидор'}] but got [ContactData{id='110', firstname='Куприн Александр', lastname='Куприн Александр'}, ContactData{id='111', firstname='Александр', lastname='Куприн'}, ContactData{id='97', firstname='Cruzer Tom', lastname='Cruzer Tom'}, ContactData{id='95', firstname='Ломоносов Михаил', lastname='Ломоносов Михаил'}, ContactData{id='103', firstname='Есенин Сергей', lastname='Есенин Сергей'}, ContactData{id='99', firstname='Гоголь Николай', lastname='Гоголь Николай'}, ContactData{id='98', firstname='Булгаков Михаил', lastname='Булгаков Михаил'}, ContactData{id='101', firstname='Сидоров Сидор', lastname='Сидоров Сидор'}]
java.lang.AssertionError: Sets differ: expected [ContactData{id='110', firstname='Куприн Александр', lastname='Куприн Александр'}, ContactData{id='97', firstname='Cruzer Tom', lastname='Cruzer Tom'}, ContactData{id='111', firstname='Куприн Александр', lastname='Куприн Александр'}, ContactData{id='95', firstname='Ломоносов Михаил', lastname='Ломоносов Михаил'}, ContactData{id='103', firstname='Есенин Сергей', lastname='Есенин Сергей'}, ContactData{id='99', firstname='Гоголь Николай', lastname='Гоголь Николай'}, ContactData{id='98', firstname='Булгаков Михаил', lastname='Булгаков Михаил'}, ContactData{id='101', firstname='Сидоров Сидор', lastname='Сидоров Сидор'}] but got [ContactData{id='110', firstname='Куприн Александр', lastname='Куприн Александр'}, ContactData{id='111', firstname='Александр', lastname='Куприн'}, ContactData{id='97', firstname='Cruzer Tom', lastname='Cruzer Tom'}, ContactData{id='95', firstname='Ломоносов Михаил', lastname='Ломоносов Михаил'}, ContactData{id='103', firstname='Есенин Сергей', lastname='Есенин Сергей'}, ContactData{id='99', firstname='Гоголь Николай', lastname='Гоголь Николай'}, ContactData{id='98', firstname='Булгаков Михаил', lastname='Булгаков Михаил'}, ContactData{id='101', firstname='Сидоров Сидор', lastname='Сидоров Сидор'}]
	at org.testng.Assert.fail(Assert.java:96)
	at org.testng.Assert.assertEquals(Assert.java:1042)
	at org.testng.Assert.assertEquals(Assert.java:1020)
	at ru.stqa.pft.addressbook.tests.ContactCreationTests.testContactCreation(ContactCreationTests.java:58)
	at sun.reflect.NativeMethodAccessorImpl.invoke0(Native Method)
	at sun.reflect.NativeMethodAccessorImpl.invoke(NativeMethodAccessorImpl.java:62)
	at sun.reflect.DelegatingMethodAccessorImpl.invoke(DelegatingMethodAccessorImpl.java:43)
	at java.lang.reflect.Method.invoke(Method.java:498)
	at org.testng.internal.MethodInvocationHelper.invokeMethod(MethodInvocationHelper.java:124)
	at org.testng.internal.Invoker.invokeMethod(Invoker.java:583)
	at org.testng.internal.Invoker.invokeTestMethod(Invoker.java:719)
	at org.testng.internal.Invoker.invokeTestMethods(Invoker.java:989)
	at org.testng.internal.TestMethodWorker.invokeTestMethods(TestMethodWorker.java:125)
	at org.testng.internal.TestMethodWorker.run(TestMethodWorker.java:109)
	at org.testng.TestRunner.privateRun(TestRunner.java:648)
	at org.testng.TestRunner.run(TestRunner.java:505)
	at org.testng.SuiteRunner.runTest(SuiteRunner.java:455)
	at org.testng.SuiteRunner.runSequentially(SuiteRunner.java:450)
	at org.testng.SuiteRunner.privateRun(SuiteRunner.java:415)
	at org.testng.SuiteRunner.run(SuiteRunner.java:364)
	at org.testng.SuiteRunnerWorker.runSuite(SuiteRunnerWorker.java:52)
	at org.testng.SuiteRunnerWorker.run(SuiteRunnerWorker.java:84)
	at org.testng.TestNG.runSuitesSequentially(TestNG.java:1208)
	at org.testng.TestNG.runSuitesLocally(TestNG.java:1137)
	at org.testng.TestNG.runSuites(TestNG.java:1049)
	at org.testng.TestNG.run(TestNG.java:1017)
	at org.gradle.api.internal.tasks.testing.testng.TestNGTestClassProcessor.runTests(TestNGTestClassProcessor.java:141)
	at org.gradle.api.internal.tasks.testing.testng.TestNGTestClassProcessor.stop(TestNGTestClassProcessor.java:90)
	at org.gradle.api.internal.tasks.testing.SuiteTestClassProcessor.stop(SuiteTestClassProcessor.java:61)
	at sun.reflect.NativeMethodAccessorImpl.invoke0(Native Method)
	at sun.reflect.NativeMethodAccessorImpl.invoke(NativeMethodAccessorImpl.java:62)
	at sun.reflect.DelegatingMethodAccessorImpl.invoke(DelegatingMethodAccessorImpl.java:43)
	at java.lang.reflect.Method.invoke(Method.java:498)
	at org.gradle.internal.dispatch.ReflectionDispatch.dispatch(ReflectionDispatch.java:36)
	at org.gradle.internal.dispatch.ReflectionDispatch.dispatch(ReflectionDispatch.java:24)
	at org.gradle.internal.dispatch.ContextClassLoaderDispatch.dispatch(ContextClassLoaderDispatch.java:33)
	at org.gradle.internal.dispatch.ProxyDispatchAdapter$DispatchingInvocationHandler.invoke(ProxyDispatchAdapter.java:94)
	at com.sun.proxy.$Proxy2.stop(Unknown Source)
	at org.gradle.api.internal.tasks.testing.worker.TestWorker.stop(TestWorker.java:132)
	at sun.reflect.NativeMethodAccessorImpl.invoke0(Native Method)
	at sun.reflect.NativeMethodAccessorImpl.invoke(NativeMethodAccessorImpl.java:62)
	at sun.reflect.DelegatingMethodAccessorImpl.invoke(DelegatingMethodAccessorImpl.java:43)
	at java.lang.reflect.Method.invoke(Method.java:498)
	at org.gradle.internal.dispatch.ReflectionDispatch.dispatch(ReflectionDispatch.java:36)
	at org.gradle.internal.dispatch.ReflectionDispatch.dispatch(ReflectionDispatch.java:24)
	at org.gradle.internal.remote.internal.hub.MessageHubBackedObjectConnection$DispatchWrapper.dispatch(MessageHubBackedObjectConnection.java:182)
	at org.gradle.internal.remote.internal.hub.MessageHubBackedObjectConnection$DispatchWrapper.dispatch(MessageHubBackedObjectConnection.java:164)
	at org.gradle.internal.remote.internal.hub.MessageHub$Handler.run(MessageHub.java:412)
	at org.gradle.internal.concurrent.ExecutorPolicy$CatchAndRecordFailures.onExecute(ExecutorPolicy.java:64)
	at org.gradle.internal.concurrent.ManagedExecutorImpl$1.run(ManagedExecutorImpl.java:48)
	at java.util.concurrent.ThreadPoolExecutor.runWorker(ThreadPoolExecutor.java:1149)
	at java.util.concurrent.ThreadPoolExecutor$Worker.run(ThreadPoolExecutor.java:624)
	at org.gradle.internal.concurrent.ThreadFactoryImpl$ManagedThreadRunnable.run(ThreadFactoryImpl.java:56)
	at java.lang.Thread.run(Thread.java:748)

1589913153556	Marionette	INFO	Stopped listening on port 50433

###!!! [Child][RunMessage] Error: Channel closing: too late to send/recv, messages will be lost


###!!! [Child][MessageChannel::SendAndWait] Error: Channel error: cannot send/recv




Gradle suite > Gradle test > ru.stqa.pft.addressbook.tests.ContactCreationTests > testContactCreation FAILED
    java.lang.AssertionError at ContactCreationTests.java:58













1 test completed, 1 failed

> Task :test FAILED

FAILURE: Build failed with an exception.

* What went wrong:
Execution failed for task ':test'.
> There were failing tests. See the report at: file:///C:/repository/java_pft/addressbook-web-tests/build/reports/tests/test/index.html

* Try:
Run with --stacktrace option to get the stack trace. Run with --info or --debug option to get more log output. Run with --scan to get full insights.

* Get more help at https://help.gradle.org

BUILD FAILED in 26s
2 actionable tasks: 2 executed
